Log file open, 03/02/18 17:09:10
LogWindows: LoadLibraryWithSearchPaths failed for file aqProf.dll. GetLastError=0
LogWindows: LoadLibraryWithSearchPaths failed for file VtuneApi.dll. GetLastError=0
LogWindows: LoadLibraryWithSearchPaths failed for file VtuneApi32e.dll. GetLastError=0
LogInit: Display: Running engine for game: MyProject
LogPlatformFile: Not using cached read wrapper
LogInit: Display: RandInit(513427535) SRandInit(513427535).
LogTaskGraph: Started task graph with 5 named threads and 14 total threads with 3 sets of task threads.
LogStats: Stats thread started at 0.159112
LogD3D11RHI: Aftermath initialized
LogPluginManager: Mounting plugin Paper2D
LogPluginManager: Mounting plugin LightPropagationVolume
LogPluginManager: Mounting plugin CodeLiteSourceCodeAccess
LogPluginManager: Mounting plugin GitSourceControl
LogPluginManager: Mounting plugin KDevelopSourceCodeAccess
LogPluginManager: Mounting plugin NullSourceCodeAccess
LogPluginManager: Mounting plugin PerforceSourceControl
LogPluginManager: Mounting plugin SubversionSourceControl
LogPluginManager: Mounting plugin UObjectPlugin
LogPluginManager: Mounting plugin VisualStudioSourceCodeAccess
LogPluginManager: Mounting plugin XCodeSourceCodeAccess
LogPluginManager: Mounting plugin AssetManagerEditor
LogPluginManager: Mounting plugin AudioCapture
LogPluginManager: Mounting plugin FacialAnimation
LogPluginManager: Mounting plugin GameplayTagsEditor
LogPluginManager: Mounting plugin MobileLauncherProfileWizard
LogPluginManager: Mounting plugin PluginBrowser
LogPluginManager: Mounting plugin SpeedTreeImporter
LogPluginManager: Mounting plugin AlembicImporter
LogPluginManager: Mounting plugin CharacterAI
LogPluginManager: Mounting plugin HTML5Networking
LogPluginManager: Mounting plugin AndroidMedia
LogPluginManager: Mounting plugin AvfMedia
LogPluginManager: Mounting plugin MediaPlayerEditor
LogPluginManager: Mounting plugin WmfMedia
LogPluginManager: Mounting plugin TcpMessaging
LogPluginManager: Mounting plugin UdpMessaging
LogPluginManager: Mounting plugin LevelSequenceEditor
LogPluginManager: Mounting plugin MatineeToLevelSequence
LogPluginManager: Mounting plugin OnlineSubsystemGooglePlay
LogPluginManager: Mounting plugin OnlineSubsystemIOS
LogPluginManager: Mounting plugin OnlineSubsystem
LogPluginManager: Mounting plugin OnlineSubsystemNull
LogPluginManager: Mounting plugin OnlineSubsystemUtils
LogPluginManager: Mounting plugin AndroidDeviceProfileSelector
LogPluginManager: Mounting plugin AndroidMoviePlayer
LogPluginManager: Mounting plugin AndroidPermission
LogPluginManager: Mounting plugin AppleMoviePlayer
LogPluginManager: Mounting plugin ArchVisCharacter
LogPluginManager: Mounting plugin CableComponent
LogPluginManager: Mounting plugin CustomMeshComponent
LogPluginManager: Mounting plugin ExampleDeviceProfileSelector
LogPluginManager: Mounting plugin GoogleCloudMessaging
LogPluginManager: Mounting plugin ImmediatePhysics
LogPluginManager: Mounting plugin IOSDeviceProfileSelector
LogPluginManager: Mounting plugin LinuxDeviceProfileSelector
LogPluginManager: Mounting plugin LocationServicesBPLibrary
LogPluginManager: Mounting plugin MobilePatchingUtils
LogPluginManager: Mounting plugin OculusVR
LogPluginManager: Mounting plugin PhysXVehicles
LogPluginManager: Mounting plugin ProceduralMeshComponent
LogPluginManager: Mounting plugin RuntimePhysXCooking
LogPluginManager: Mounting plugin SteamVR
LogPluginManager: Mounting plugin WindowsMoviePlayer
LogInit: Using libcurl 7.47.1
LogInit:  - built for x86_64-pc-win32
LogInit:  - supports SSL with OpenSSL/1.0.2g
LogInit:  - supports HTTP deflate (compression) using libz 1.2.8
LogInit:  - other features:
LogInit:      CURL_VERSION_SSL
LogInit:      CURL_VERSION_LIBZ
LogInit:      CURL_VERSION_IPV6
LogInit:      CURL_VERSION_ASYNCHDNS
LogInit:      CURL_VERSION_LARGEFILE
LogInit:      CURL_VERSION_IDN
LogInit:  CurlRequestOptions (configurable via config and command line):
LogInit:  - bVerifyPeer = false  - Libcurl will NOT verify peer certificate
LogInit:  - bUseHttpProxy = false  - Libcurl will NOT use HTTP proxy
LogInit:  - bDontReuseConnections = false  - Libcurl will reuse connections
LogInit:  - CertBundlePath = nullptr  - Libcurl will use whatever was configured at build time.
LogInit: Build: ++UE4+Release-4.17-CL-3586342
LogInit: Engine Version: 4.17.1-3586342+++UE4+Release-4.17
LogInit: Compatible Engine Version: 4.17.0-3573198+++UE4+Release-4.17
LogInit: Net CL: 3573198
LogDevObjectVersion: Number of dev versions registered: 16
LogDevObjectVersion:   Dev-Blueprints (B0D832E4-1F89-4F0D-ACCF-7EB736FD4AA2): 10
LogDevObjectVersion:   Dev-Build (E1C64328-A22C-4D53-A36C-8E866417BD8C): 0
LogDevObjectVersion:   Dev-Core (375EC13C-06E4-48FB-B500-84F0262A717E): 2
LogDevObjectVersion:   Dev-Editor (E4B068ED-F494-42E9-A231-DA0B2E46BB41): 20
LogDevObjectVersion:   Dev-Framework (CFFC743F-43B0-4480-9391-14DF171D2073): 28
LogDevObjectVersion:   Dev-Mobile (B02B49B5-BB20-44E9-A304-32B752E40360): 0
LogDevObjectVersion:   Dev-Networking (A4E4105C-59A1-49B5-A7C5-40C4547EDFEE): 0
LogDevObjectVersion:   Dev-Online (39C831C9-5AE6-47DC-9A44-9C173E1C8E7C): 0
LogDevObjectVersion:   Dev-Physics (78F01B33-EBEA-4F98-B9B4-84EACCB95AA2): 0
LogDevObjectVersion:   Dev-Platform (6631380F-2D4D-43E0-8009-CF276956A95A): 0
LogDevObjectVersion:   Dev-Rendering (12F88B9F-8875-4AFC-A67C-D90C383ABD29): 19
LogDevObjectVersion:   Dev-Sequencer (7B5AE74C-D270-4C10-A958-57980B212A5A): 4
LogDevObjectVersion:   Dev-VR (D7296918-1DD6-4BDD-9DE2-64A83CC13884): 0
LogDevObjectVersion:   Dev-LoadTimes (C2A15278-BFE7-4AFE-6C17-90FF531DF755): 1
LogDevObjectVersion:   Private-Geometry (6EACA3D4-40EC-4CC1-B786-8BED09428FC5): 1
LogDevObjectVersion:   Dev-AnimPhys (29E575DD-E0A3-4627-9D10-D276232CDCEA): 7
LogInit: Compiled (64-bit): Aug 15 2017 02:05:26
LogInit: Compiled with Visual C++: 19.00.24215.01
LogInit: Build Configuration: Development
LogInit: Branch Name: ++UE4+Release-4.17
LogInit: Command line:  
LogInit: Base directory: C:/Program Files/Epic Games/UE_4.17/Engine/Binaries/Win64/
LogInit: Installed Engine Build: 1
LogInit: Presizing for max 8388607 objects, including 0 objects not considered by GC, pre-allocating 0 bytes for permanent pool.
LogInit: Object subsystem initialized
[2018.03.02-16.09.10:985][  0]LogInit: Selected Device Profile: [Windows]
[2018.03.02-16.09.10:985][  0]LogInit: Applying CVar settings loaded from the selected device profile: [Windows]
[2018.03.02-16.09.11:006][  0]LogInit: Computer: AI324
[2018.03.02-16.09.11:006][  0]LogInit: User: adrianjerez
[2018.03.02-16.09.11:006][  0]LogInit: CPU Page size=4096, Cores=4
[2018.03.02-16.09.11:006][  0]LogInit: High frequency timer resolution =3.020419 MHz
[2018.03.02-16.09.11:006][  0]LogMemory: Memory total: Physical=15.8GB (16GB approx)
[2018.03.02-16.09.11:006][  0]LogMemory: Platform Memory Stats for Windows
[2018.03.02-16.09.11:006][  0]LogMemory: Process Physical Memory: 280.97 MB used, 280.97 MB peak
[2018.03.02-16.09.11:007][  0]LogMemory: Process Virtual Memory: 285.41 MB used, 285.41 MB peak
[2018.03.02-16.09.11:007][  0]LogMemory: Physical Memory: 4148.21 MB used,  12053.18 MB free, 16201.39 MB total
[2018.03.02-16.09.11:007][  0]LogMemory: Virtual Memory: 668.12 MB used,  12053.18 MB free, 8388608.00 MB total
[2018.03.02-16.09.11:133][  0]LogInit: Using OS detected language (ca-ES).
[2018.03.02-16.09.11:133][  0]LogInit: Using OS detected locale (ca-ES).
[2018.03.02-16.09.11:138][  0]LogTextLocalizationManager: No localization for 'ca-ES' exists, so 'en' will be used for the language.
[2018.03.02-16.09.11:139][  0]LogTextLocalizationManager: No localization for 'ca-ES' exists, so 'en' will be used for the locale.
[2018.03.02-16.09.11:855][  0]LogD3D11RHI: D3D11 adapters:
[2018.03.02-16.09.11:861][  0]LogD3D11RHI:    0. 'Intel(R) HD Graphics 4600' (Feature Level 11_0)
[2018.03.02-16.09.11:861][  0]LogD3D11RHI:       128/0/1632 MB DedicatedVideo/DedicatedSystem/SharedSystem, Outputs:1, VendorId:0x8086
[2018.03.02-16.09.11:861][  0]LogD3D11RHI: Chosen D3D11 Adapter: 0
[2018.03.02-16.09.11:864][  0]LogD3D11RHI: Creating new Direct3DDevice
[2018.03.02-16.09.11:864][  0]LogD3D11RHI:     GPU DeviceId: 0x412 (for the marketing name, search the web for "GPU Device Id")
[2018.03.02-16.09.11:864][  0]LogWindows: EnumDisplayDevices:
[2018.03.02-16.09.11:864][  0]LogWindows:    0. 'Intel(R) HD Graphics 4600' (P:1 D:1)
[2018.03.02-16.09.11:865][  0]LogWindows:    1. 'Intel(R) HD Graphics 4600' (P:0 D:0)
[2018.03.02-16.09.11:865][  0]LogWindows:    2. 'Intel(R) HD Graphics 4600' (P:0 D:0)
[2018.03.02-16.09.11:865][  0]LogWindows:    3. 'RDPDD Chained DD' (P:0 D:0)
[2018.03.02-16.09.11:865][  0]LogWindows:    4. 'RDP Encoder Mirror Driver' (P:0 D:0)
[2018.03.02-16.09.11:865][  0]LogWindows:    5. 'RDP Reflector Display Driver' (P:0 D:0)
[2018.03.02-16.09.11:865][  0]LogWindows: DebugString: GetVideoDriverDetailsInvalid PrimaryIsNotTheChoosenAdapter GetVideoDriverDetailsInvalid PrimaryIsNotTheChoosenAdapter GetVideoDriverDetailsInvalid PrimaryIsNotTheChoosenAdapter FoundDriverCount:3 
[2018.03.02-16.09.11:865][  0]LogD3D11RHI:     Adapter Name: Intel(R) HD Graphics 4600
[2018.03.02-16.09.11:865][  0]LogD3D11RHI:   Driver Version: 9.18.10.3220 (internal:9.18.10.3220, unified:9.18.10.3220)
[2018.03.02-16.09.11:865][  0]LogD3D11RHI:      Driver Date: 6-24-2013
[2018.03.02-16.09.11:865][  0]LogRHI: Texture pool is 660 MB (70% of 944 MB)
[2018.03.02-16.09.11:870][  0]LogD3D11RHI: Async texture creation enabled
[2018.03.02-16.09.11:875][  0]LogD3D11RHI: GPU Timing Frequency: 12.500000 (Debug: 2 0)
[2018.03.02-16.09.11:875][  0]LogShaderCompilers: Guid format shader working directory is 5 characters bigger than the processId version (D:/Unreal_Projects/Unreal Third Person/MyProject/Intermediate/Shaders/WorkingDirectory/5940/).
[2018.03.02-16.09.11:875][  0]LogShaderCompilers: Cleaned the shader compiler working directory 'C:/Users/adrian.jerez/AppData/Local/Temp/UnrealShaderWorkingDir/20188DAC427E07BCF31F9C9D40ECB693/'.
[2018.03.02-16.09.11:875][  0]LogShaderCompilers: Display: Using Local Shader Compiler.
[2018.03.02-16.09.12:721][  0]LogTemp: Display: Loaded TP AllDesktopTargetPlatform
[2018.03.02-16.09.12:756][  0]LogTemp: Display: Loaded TP MacClientTargetPlatform
[2018.03.02-16.09.12:792][  0]LogTemp: Display: Loaded TP MacNoEditorTargetPlatform
[2018.03.02-16.09.12:830][  0]LogTemp: Display: Loaded TP MacServerTargetPlatform
[2018.03.02-16.09.12:868][  0]LogTemp: Display: Loaded TP MacTargetPlatform
[2018.03.02-16.09.12:911][  0]LogTemp: Display: Loaded TP WindowsClientTargetPlatform
[2018.03.02-16.09.12:951][  0]LogTemp: Display: Loaded TP WindowsNoEditorTargetPlatform
[2018.03.02-16.09.12:993][  0]LogTemp: Display: Loaded TP WindowsServerTargetPlatform
[2018.03.02-16.09.13:024][  0]LogTemp: Display: Loaded TP WindowsTargetPlatform
[2018.03.02-16.09.13:062][  0]LogTemp: Display: Loaded TP AndroidTargetPlatform
[2018.03.02-16.09.13:099][  0]LogTemp: Display: Loaded TP Android_ASTCTargetPlatform
[2018.03.02-16.09.13:136][  0]LogTemp: Display: Loaded TP Android_ATCTargetPlatform
[2018.03.02-16.09.13:174][  0]LogTemp: Display: Loaded TP Android_DXTTargetPlatform
[2018.03.02-16.09.13:210][  0]LogTemp: Display: Loaded TP Android_ETC1TargetPlatform
[2018.03.02-16.09.13:249][  0]LogTemp: Display: Loaded TP Android_ETC2TargetPlatform
[2018.03.02-16.09.13:324][  0]LogTemp: Display: Loaded TP Android_MultiTargetPlatform
[2018.03.02-16.09.13:324][  0]LogTemp: Display: Loaded TP Android_PVRTCTargetPlatform
[2018.03.02-16.09.13:350][  0]LogTemp: Display: Loaded TP HTML5TargetPlatform
[2018.03.02-16.09.13:422][  0]LogTemp: Display: Loaded TP IOSTargetPlatform
[2018.03.02-16.09.13:444][  0]LogTemp: Display: Loaded TP TVOSTargetPlatform
[2018.03.02-16.09.13:481][  0]LogTemp: Display: Loaded TP LinuxClientTargetPlatform
[2018.03.02-16.09.13:517][  0]LogTemp: Display: Loaded TP LinuxNoEditorTargetPlatform
[2018.03.02-16.09.13:554][  0]LogTemp: Display: Loaded TP LinuxServerTargetPlatform
[2018.03.02-16.09.13:591][  0]LogTemp: Display: Loaded TP LinuxTargetPlatform
[2018.03.02-16.09.13:591][  0]LogTargetPlatformManager: Display: Building Assets For Windows
[2018.03.02-16.09.13:931][  0]LogDerivedDataCache: Display: Max Cache Size: 512 MB
[2018.03.02-16.09.14:396][  0]LogDerivedDataCache: Loaded boot cache 0.47s 105MB C:/Users/adrian.jerez/AppData/Local/UnrealEngine/4.17/DerivedDataCache/Boot.ddc.
[2018.03.02-16.09.14:396][  0]LogDerivedDataCache: Display: Loaded Boot cache: C:/Users/adrian.jerez/AppData/Local/UnrealEngine/4.17/DerivedDataCache/Boot.ddc
[2018.03.02-16.09.14:396][  0]LogDerivedDataCache: FDerivedDataBackendGraph:  Pak pak cache file D:/Unreal_Projects/Unreal Third Person/MyProject/DerivedDataCache/DDC.ddp not found, will not use a pak cache.
[2018.03.02-16.09.14:396][  0]LogDerivedDataCache: Unable to find inner node Pak for hierarchical cache Hierarchy.
[2018.03.02-16.09.14:396][  0]LogDerivedDataCache: FDerivedDataBackendGraph:  CompressedPak pak cache file D:/Unreal_Projects/Unreal Third Person/MyProject/DerivedDataCache/Compressed.ddp not found, will not use a pak cache.
[2018.03.02-16.09.14:396][  0]LogDerivedDataCache: Unable to find inner node CompressedPak for hierarchical cache Hierarchy.
[2018.03.02-16.09.14:415][  0]LogDerivedDataCache: Display: Pak cache opened for reading ../../../Engine/DerivedDataCache/Compressed.ddp.
[2018.03.02-16.09.14:426][  0]LogDerivedDataCache: Using Local data cache path C:/Users/adrian.jerez/AppData/Local/UnrealEngine/Common/DerivedDataCache: Writable
[2018.03.02-16.09.14:458][  0]LogMaterial: Verifying Global Shaders for PCD3D_SM5
[2018.03.02-16.09.14:458][  0]LogSlate: Using Freetype 2.6.0
[2018.03.02-16.09.14:459][  0]LogSlate: SlateFontCache - WITH_FREETYPE: 1, WITH_HARFBUZZ: 1
[2018.03.02-16.09.14:459][  0]LogSlate: SlateFontCache - WITH_FREETYPE: 1, WITH_HARFBUZZ: 1
[2018.03.02-16.09.14:871][  0]LogAssetRegistry: FAssetRegistry took 0.0245 seconds to start up
[2018.03.02-16.09.15:033][  0]LogInit: Selected Device Profile: [Windows]
[2018.03.02-16.09.15:038][  0]LogContentStreaming: Texture pool size is 0.00 MB
[2018.03.02-16.09.15:369][  0]LogSimplygon: Simplygon DLL not present - disabling.
[2018.03.02-16.09.15:394][  0]LogMeshReduction: Using SimplygonSwarm for distributed automatic mesh merging
[2018.03.02-16.09.15:394][  0]LogMeshReduction: Using QuadricMeshReduction for automatic static mesh reduction
[2018.03.02-16.09.15:394][  0]LogMeshReduction: No automatic skeletal mesh reduction module available
[2018.03.02-16.09.15:394][  0]LogMeshReduction: No automatic mesh merging module available
[2018.03.02-16.09.15:394][  0]LogMeshMerging: No automatic mesh merging module available
[2018.03.02-16.09.16:140][  0]LogNetVersion: MyProject , NetCL: 3573198, EngineNetVer: 2, GameNetVer: 0 (Checksum: 3113362612)
[2018.03.02-16.09.16:277][  0]LogPackageLocalizationCache: Processed 5 localized package path(s) for 1 prioritized culture(s) in 0.013105 seconds
[2018.03.02-16.09.16:284][  0]LogUObjectArray: 35825 objects as part of root set at end of initial load.
[2018.03.02-16.09.16:284][  0]LogUObjectAllocator: 7529104 out of 0 bytes used by permanent object pool.
[2018.03.02-16.09.16:284][  0]LogUObjectArray: CloseDisregardForGC: 0/0 objects in disregard for GC pool
[2018.03.02-16.09.16:320][  0]LogInit: WinSock: version 1.1 (2.2), MaxSocks=32767, MaxUdp=65467
[2018.03.02-16.09.18:989][  0]LogTcpMessaging: Initializing TcpMessaging bridge
[2018.03.02-16.09.19:017][  0]LogUdpMessaging: Initializing bridge on interface 0.0.0.0:0 to multicast group 230.0.0.1:6666.
[2018.03.02-16.09.19:459][  0]LogMaterial: Uniform references updated for custom material expression Custom.
[2018.03.02-16.09.19:750][  0]SourceControl: Source control is disabled
[2018.03.02-16.09.19:750][  0]SourceControl: Source control is disabled
[2018.03.02-16.09.19:781][  0]SourceControl: Source control is disabled
[2018.03.02-16.09.19:809][  0]SourceControl: Source control is disabled
[2018.03.02-16.09.20:177][  0]LogAndroidPermission: UAndroidPermissionCallbackProxy::GetInstance
[2018.03.02-16.09.20:329][  0]LogOcInput: OculusInput pre-init called
[2018.03.02-16.09.20:501][  0]LogEngine: Initializing Engine...
[2018.03.02-16.09.20:503][  0]LogHMD: Failed to initialize OpenVR with code 110
[2018.03.02-16.09.20:822][  0]LogStats: UGameplayTagsManager::ConstructGameplayTagTree: Construct from data asset -  0.000 s
[2018.03.02-16.09.20:822][  0]LogStats: UGameplayTagsManager::ConstructGameplayTagTree: GameplayTagTreeChangedEvent.Broadcast -  0.000 s
[2018.03.02-16.09.20:988][  0]LogAIModule: Creating AISystem for world Untitled
[2018.03.02-16.09.20:997][  0]LogInit: XAudio2 using 'Altavoces (Realtek High Definition Audio)' : 2 channels at 48 kHz using 32 bits per sample (channel mask 0x3)
[2018.03.02-16.09.21:019][  0]LogInit: FAudioDevice initialized.
[2018.03.02-16.09.21:189][  0]LogDerivedDataCache: Saved boot cache 0.17s 105MB C:/Users/adrian.jerez/AppData/Local/UnrealEngine/4.17/DerivedDataCache/Boot.ddc.
[2018.03.02-16.09.21:201][  0]LogInit: Texture streaming: Enabled
[2018.03.02-16.09.21:270][  0]LogEngineSessionManager: EngineSessionManager initialized
[2018.03.02-16.09.21:408][  0]LogInit: Transaction tracking system initialized
[2018.03.02-16.09.21:592][  0]BlueprintLog: New page: Editor Load
[2018.03.02-16.09.22:130][  0]LocalizationService: Localization service is disabled
[2018.03.02-16.09.22:580][  0]LogConsoleResponse: Display: 
[2018.03.02-16.09.22:746][  0]LogCook: Display: Max memory allowance for cook 16384mb min free memory 0mb
[2018.03.02-16.09.22:746][  0]LogCook: Display: Mobile HDR setting 1
[2018.03.02-16.09.22:746][  0]LogGameplayTags: Display: UGameplayTagsManager::DoneAddingNativeTags. DelegateIsBound: 0
[2018.03.02-16.09.23:405][  0]LogFileCache: Scanning file cache for directory 'D:/Unreal_Projects/Unreal Third Person/MyProject/Content/' took 0.03s
[2018.03.02-16.09.23:437][  0]SourceControl: Source control is disabled
[2018.03.02-16.09.23:437][  0]Cmd: MAP LOAD FILE="D:/Unreal_Projects/Unreal Third Person/MyProject/Content/ThirdPersonBP/Maps/ThirdPersonExampleMap.umap" TEMPLATE=0 SHOWPROGRESS=1 FEATURELEVEL=3
[2018.03.02-16.09.23:451][  0]LightingResults: New page: Lighting Build
[2018.03.02-16.09.23:477][  0]MapCheck: New page: Map Check
[2018.03.02-16.09.23:478][  0]LightingResults: New page: Lighting Build
[2018.03.02-16.09.24:186][  0]LogAIModule: Creating AISystem for world ThirdPersonExampleMap
[2018.03.02-16.09.24:204][  0]LogEditorServer: Finished looking for orphan Actors (0.000 secs)
[2018.03.02-16.09.24:238][  0]Cmd: MAP CHECKDEP NOCLEARLOG
[2018.03.02-16.09.24:269][  0]MapCheck: Map check complete: 0 Error(s), 0 Warning(s), took 31.036ms to complete.
[2018.03.02-16.09.24:269][  0]LogFileHelpers: Loading map 'ThirdPersonExampleMap' took 0.833
[2018.03.02-16.09.24:388][  0]LogCollectionManager: Loaded 0 collections in 0.001092 seconds
[2018.03.02-16.09.24:452][  0]LogFileCache: Scanning file cache for directory 'D:/Unreal_Projects/Unreal Third Person/MyProject/Saved/Collections/' took 0.01s
[2018.03.02-16.09.24:452][  0]LogFileCache: Scanning file cache for directory 'D:/Unreal_Projects/Unreal Third Person/MyProject/Content/Developers/adrianjerez/Collections/' took 0.01s
[2018.03.02-16.09.24:452][  0]LogFileCache: Scanning file cache for directory 'D:/Unreal_Projects/Unreal Third Person/MyProject/Content/Collections/' took 0.01s
[2018.03.02-16.09.24:452][  0]LogCollectionManager: Rebuilt the GUID cache for 0 collections in 0.000000 seconds
[2018.03.02-16.09.24:461][  0]LogContentBrowser: Native class hierarchy populated in 0.0088 seconds. Added 2386 classes and 500 folders.
[2018.03.02-16.09.24:502][  0]LogContentBrowser: Native class hierarchy updated for 'WidgetCarousel' in 0.0008 seconds. Added 0 classes and 0 folders.
[2018.03.02-16.09.24:579][  0]LogContentBrowser: Native class hierarchy updated for 'AddContentDialog' in 0.0005 seconds. Added 0 classes and 0 folders.
[2018.03.02-16.09.24:608][  0]LogContentBrowser: Native class hierarchy updated for 'SceneOutliner' in 0.0006 seconds. Added 1 classes and 2 folders.
[2018.03.02-16.09.24:630][  0]LogSlate: Took 0.000911 seconds to synchronously load lazily loaded font '../../../Engine/Content/Slate/Fonts/Roboto-Regular.ttf' (155K)
[2018.03.02-16.09.24:633][  0]LogSlate: Took 0.000910 seconds to synchronously load lazily loaded font '../../../Engine/Content/Slate/Fonts/Roboto-Bold.ttf' (160K)
[2018.03.02-16.09.24:641][  0]LogSlate: Took 0.001102 seconds to synchronously load lazily loaded font '../../../Engine/Content/Editor/Slate/Fonts/FontAwesome.ttf' (139K)
[2018.03.02-16.09.24:733][  0]LogRenderer: Reallocating scene render targets to support 1208x576 Format 10 NumSamples 1 (Frame:1).
[2018.03.02-16.09.25:455][  0]LogContentBrowser: Native class hierarchy updated for 'HierarchicalLODOutliner' in 0.0006 seconds. Added 1 classes and 2 folders.
[2018.03.02-16.09.25:455][  0]LogLoad: (Engine Initialization) Total time: 16.18 seconds
[2018.03.02-16.09.25:455][  0]LogLoad: (Engine Initialization) Total Blueprint compile time: 0.00 seconds
[2018.03.02-16.09.25:455][  0]LogExternalProfiler: Found external profiler: VSPerf
[2018.03.02-16.09.25:455][  0]LogExternalProfiler: Using external profiler: VSPerf
[2018.03.02-16.09.25:814][  0]LogContentStreaming: Texture pool size now 1000 MB
[2018.03.02-16.09.25:847][  0]LogSlate: Took 0.000162 seconds to synchronously load lazily loaded font '../../../Engine/Content/Slate/Fonts/Roboto-Light.ttf' (159K)
[2018.03.02-16.09.26:134][  1]LogAssetRegistry: Asset discovery search completed in 11.2841 seconds
[2018.03.02-16.09.26:136][  1]LogCollectionManager: Rebuilt the object cache for 0 collections in 0.000001 seconds (found 0 objects)
[2018.03.02-16.09.26:136][  1]LogCollectionManager: Fixed up redirectors for 0 collections in 0.000035 seconds (updated 0 objects)
[2018.03.02-16.09.28:996][ 12]LogTemp: Repeating last play command: Selected Viewport
[2018.03.02-16.09.30:602][ 12]LogBlueprintUserMessages: Early PlayInEditor Detection: Level '/Game/ThirdPersonBP/Maps/ThirdPersonExampleMap.ThirdPersonExampleMap:PersistentLevel' has LevelScriptBlueprint '/Game/ThirdPersonBP/Maps/ThirdPersonExampleMap.ThirdPersonExampleMap:PersistentLevel.ThirdPersonExampleMap' with GeneratedClass '/Game/ThirdPersonBP/Maps/ThirdPersonExampleMap.ThirdPersonExampleMap_C' with ClassGeneratedBy '/Game/ThirdPersonBP/Maps/ThirdPersonExampleMap.ThirdPersonExampleMap:PersistentLevel.ThirdPersonExampleMap'
[2018.03.02-16.09.30:602][ 12]LogPlayLevel: PlayLevel: No blueprints needed recompiling
[2018.03.02-16.09.30:603][ 12]PIE: New page: PIE session: ThirdPersonExampleMap (Mar 2, 2018, 6:09:30 PM)
[2018.03.02-16.09.30:603][ 12]LogPlayLevel: Creating play world package: /Game/ThirdPersonBP/Maps/UEDPIE_0_ThirdPersonExampleMap
[2018.03.02-16.09.30:645][ 12]LogPlayLevel: PIE: StaticDuplicateObject took: (0.042252s)
[2018.03.02-16.09.30:676][ 12]LogAIModule: Creating AISystem for world ThirdPersonExampleMap
[2018.03.02-16.09.30:678][ 12]LogPlayLevel: PIE: World Init took: (0.033412s)
[2018.03.02-16.09.30:679][ 12]LogPlayLevel: PIE: Created PIE world by copying editor world from /Game/ThirdPersonBP/Maps/ThirdPersonExampleMap.ThirdPersonExampleMap to /Game/ThirdPersonBP/Maps/UEDPIE_0_ThirdPersonExampleMap.ThirdPersonExampleMap (0.076002s)
[2018.03.02-16.09.30:690][ 12]LogInit: XAudio2 using 'Altavoces (Realtek High Definition Audio)' : 2 channels at 48 kHz using 32 bits per sample (channel mask 0x3)
[2018.03.02-16.09.30:697][ 12]LogInit: FAudioDevice initialized.
[2018.03.02-16.09.30:806][ 12]LogLoad: Game class is 'ThirdPersonGameMode_C'
[2018.03.02-16.09.30:810][ 12]LogWorld: Bringing World /Game/ThirdPersonBP/Maps/UEDPIE_0_ThirdPersonExampleMap.ThirdPersonExampleMap up for play (max tick rate 0) at 2018.03.02-17.09.30
[2018.03.02-16.09.30:811][ 12]LogWorld: Bringing up level for play took: 0.002073
[2018.03.02-16.09.30:842][ 12]LogContentBrowser: Native class hierarchy updated for 'MovieSceneCapture' in 0.0008 seconds. Added 11 classes and 0 folders.
[2018.03.02-16.09.30:843][ 12]PIE: Play in editor start time for /Game/ThirdPersonBP/Maps/UEDPIE_0_ThirdPersonExampleMap -0.621
[2018.03.02-16.09.30:844][ 12]LogBlueprintUserMessages: Late PlayInEditor Detection: Level '/Game/ThirdPersonBP/Maps/ThirdPersonExampleMap.ThirdPersonExampleMap:PersistentLevel' has LevelScriptBlueprint '/Game/ThirdPersonBP/Maps/ThirdPersonExampleMap.ThirdPersonExampleMap:PersistentLevel.ThirdPersonExampleMap' with GeneratedClass '/Game/ThirdPersonBP/Maps/ThirdPersonExampleMap.ThirdPersonExampleMap_C' with ClassGeneratedBy '/Game/ThirdPersonBP/Maps/ThirdPersonExampleMap.ThirdPersonExampleMap:PersistentLevel.ThirdPersonExampleMap'
[2018.03.02-16.09.50:614][495]LogBlueprintUserMessages: Early EndPlayMap Detection: Level '/Game/ThirdPersonBP/Maps/ThirdPersonExampleMap.ThirdPersonExampleMap:PersistentLevel' has LevelScriptBlueprint '/Game/ThirdPersonBP/Maps/ThirdPersonExampleMap.ThirdPersonExampleMap:PersistentLevel.ThirdPersonExampleMap' with GeneratedClass '/Game/ThirdPersonBP/Maps/ThirdPersonExampleMap.ThirdPersonExampleMap_C' with ClassGeneratedBy '/Game/ThirdPersonBP/Maps/ThirdPersonExampleMap.ThirdPersonExampleMap:PersistentLevel.ThirdPersonExampleMap'
[2018.03.02-16.09.50:685][495]LogBlueprintUserMessages: Late EndPlayMap Detection: Level '/Game/ThirdPersonBP/Maps/ThirdPersonExampleMap.ThirdPersonExampleMap:PersistentLevel' has LevelScriptBlueprint '/Game/ThirdPersonBP/Maps/ThirdPersonExampleMap.ThirdPersonExampleMap:PersistentLevel.ThirdPersonExampleMap' with GeneratedClass '/Game/ThirdPersonBP/Maps/ThirdPersonExampleMap.ThirdPersonExampleMap_C' with ClassGeneratedBy '/Game/ThirdPersonBP/Maps/ThirdPersonExampleMap.ThirdPersonExampleMap:PersistentLevel.ThirdPersonExampleMap'
[2018.03.02-16.14.54:491][180]LogTemp: Repeating last play command: Selected Viewport
[2018.03.02-16.14.54:499][180]LogBlueprintUserMessages: Early PlayInEditor Detection: Level '/Game/ThirdPersonBP/Maps/ThirdPersonExampleMap.ThirdPersonExampleMap:PersistentLevel' has LevelScriptBlueprint '/Game/ThirdPersonBP/Maps/ThirdPersonExampleMap.ThirdPersonExampleMap:PersistentLevel.ThirdPersonExampleMap' with GeneratedClass '/Game/ThirdPersonBP/Maps/ThirdPersonExampleMap.ThirdPersonExampleMap_C' with ClassGeneratedBy '/Game/ThirdPersonBP/Maps/ThirdPersonExampleMap.ThirdPersonExampleMap:PersistentLevel.ThirdPersonExampleMap'
[2018.03.02-16.14.54:499][180]LogPlayLevel: PlayLevel: No blueprints needed recompiling
[2018.03.02-16.14.54:499][180]PIE: New page: PIE session: ThirdPersonExampleMap (Mar 2, 2018, 6:14:54 PM)
[2018.03.02-16.14.54:499][180]LogPlayLevel: Creating play world package: /Game/ThirdPersonBP/Maps/UEDPIE_0_ThirdPersonExampleMap
[2018.03.02-16.14.54:545][180]LogPlayLevel: PIE: StaticDuplicateObject took: (0.045805s)
[2018.03.02-16.14.54:546][180]LogAIModule: Creating AISystem for world ThirdPersonExampleMap
[2018.03.02-16.14.54:546][180]LogPlayLevel: PIE: World Init took: (0.000924s)
[2018.03.02-16.14.54:546][180]LogPlayLevel: PIE: Created PIE world by copying editor world from /Game/ThirdPersonBP/Maps/ThirdPersonExampleMap.ThirdPersonExampleMap to /Game/ThirdPersonBP/Maps/UEDPIE_0_ThirdPersonExampleMap.ThirdPersonExampleMap (0.046956s)
[2018.03.02-16.14.54:558][180]LogInit: XAudio2 using 'Altavoces (Realtek High Definition Audio)' : 2 channels at 48 kHz using 32 bits per sample (channel mask 0x3)
[2018.03.02-16.14.54:564][180]LogInit: FAudioDevice initialized.
[2018.03.02-16.14.54:647][180]LogLoad: Game class is 'ThirdPersonGameMode_C'
[2018.03.02-16.14.54:650][180]LogWorld: Bringing World /Game/ThirdPersonBP/Maps/UEDPIE_0_ThirdPersonExampleMap.ThirdPersonExampleMap up for play (max tick rate 0) at 2018.03.02-17.14.54
[2018.03.02-16.14.54:651][180]LogWorld: Bringing up level for play took: 0.002511
[2018.03.02-16.14.54:652][180]PIE: Play in editor start time for /Game/ThirdPersonBP/Maps/UEDPIE_0_ThirdPersonExampleMap -0.801
[2018.03.02-16.14.54:652][180]LogBlueprintUserMessages: Late PlayInEditor Detection: Level '/Game/ThirdPersonBP/Maps/ThirdPersonExampleMap.ThirdPersonExampleMap:PersistentLevel' has LevelScriptBlueprint '/Game/ThirdPersonBP/Maps/ThirdPersonExampleMap.ThirdPersonExampleMap:PersistentLevel.ThirdPersonExampleMap' with GeneratedClass '/Game/ThirdPersonBP/Maps/ThirdPersonExampleMap.ThirdPersonExampleMap_C' with ClassGeneratedBy '/Game/ThirdPersonBP/Maps/ThirdPersonExampleMap.ThirdPersonExampleMap:PersistentLevel.ThirdPersonExampleMap'
[2018.03.02-16.15.50:972][580]LogBlueprintUserMessages: Early EndPlayMap Detection: Level '/Game/ThirdPersonBP/Maps/ThirdPersonExampleMap.ThirdPersonExampleMap:PersistentLevel' has LevelScriptBlueprint '/Game/ThirdPersonBP/Maps/ThirdPersonExampleMap.ThirdPersonExampleMap:PersistentLevel.ThirdPersonExampleMap' with GeneratedClass '/Game/ThirdPersonBP/Maps/ThirdPersonExampleMap.ThirdPersonExampleMap_C' with ClassGeneratedBy '/Game/ThirdPersonBP/Maps/ThirdPersonExampleMap.ThirdPersonExampleMap:PersistentLevel.ThirdPersonExampleMap'
[2018.03.02-16.15.51:044][580]LogBlueprintUserMessages: Late EndPlayMap Detection: Level '/Game/ThirdPersonBP/Maps/ThirdPersonExampleMap.ThirdPersonExampleMap:PersistentLevel' has LevelScriptBlueprint '/Game/ThirdPersonBP/Maps/ThirdPersonExampleMap.ThirdPersonExampleMap:PersistentLevel.ThirdPersonExampleMap' with GeneratedClass '/Game/ThirdPersonBP/Maps/ThirdPersonExampleMap.ThirdPersonExampleMap_C' with ClassGeneratedBy '/Game/ThirdPersonBP/Maps/ThirdPersonExampleMap.ThirdPersonExampleMap:PersistentLevel.ThirdPersonExampleMap'
[2018.03.02-16.22.08:779][883]LogSlate: Took 0.000150 seconds to synchronously load lazily loaded font '../../../Engine/Content/Slate/Fonts/Roboto-Light.ttf' (159K)
[2018.03.02-16.22.18:234][980]LogContentBrowser: Native class hierarchy updated for 'BlueprintGraph' in 0.0009 seconds. Added 113 classes and 0 folders.
[2018.03.02-16.22.18:803][980]LogSlate: Took 0.000095 seconds to synchronously load lazily loaded font '../../../Engine/Content/Slate/Fonts/Roboto-Regular.ttf' (155K)
[2018.03.02-16.22.20:699][  4]LogSlate: Took 0.000161 seconds to synchronously load lazily loaded font '../../../Engine/Content/Editor/Slate/Fonts/Roboto-Italic.ttf' (157K)
[2018.03.02-16.22.43:574][341]LogSlate: Took 0.000182 seconds to synchronously load lazily loaded font '../../../Engine/Content/Slate/Fonts/Roboto-Light.ttf' (159K)
[2018.03.02-16.23.19:092][503]LogFileHelpers: Editor autosave (incl. sublevels) for '/Game/ThirdPersonBP/Maps/ThirdPersonExampleMap' took 0.021
[2018.03.02-16.23.19:093][503]OBJ SavePackage: Generating thumbnails for [1] asset(s) in package [/Game/ThirdPersonBP/Blueprints/InsecurePlatform] ([1] browsable assets)...
[2018.03.02-16.23.19:139][503]OBJ SavePackage:     Rendered thumbnail for [Blueprint /Game/ThirdPersonBP/Blueprints/InsecurePlatform.InsecurePlatform]
[2018.03.02-16.23.19:139][503]OBJ SavePackage: Finished generating thumbnails for package [/Game/ThirdPersonBP/Blueprints/InsecurePlatform]
[2018.03.02-16.23.19:164][503]LogSavePackage: Save=15.71ms
[2018.03.02-16.23.19:164][503]LogSavePackage: Moving 'D:/Unreal_Projects/Unreal Third Person/MyProject/Saved/InsecurePlatform_Auto1A42975594F94A384FC686091624CBBD0.tmp' to 'D:/Unreal_Projects/Unreal Third Person/MyProject/Saved/Autosaves/Game/ThirdPersonBP/Blueprints/InsecurePlatform_Auto1.uasset'
[2018.03.02-16.23.19:164][503]LogSavePackage: Display: Finished SavePackage D:/Unreal_Projects/Unreal Third Person/MyProject/Saved/Autosaves/Game/ThirdPersonBP/Blueprints/InsecurePlatform_Auto1.uasset
[2018.03.02-16.23.19:164][503]LogFileHelpers: Auto-saving content packages took 0.071
[2018.03.02-16.23.44:863][623]LogRenderer: Reallocating scene render targets to support 1320x712 Format 10 NumSamples 1 (Frame:500).
[2018.03.02-16.24.09:179][817]BlueprintLog: New page: Compile InsecurePlatform
[2018.03.02-16.24.10:099][824]Cmd: OBJ SAVEPACKAGE PACKAGE="/Game/ThirdPersonBP/Blueprints/InsecurePlatform" FILE="D:/Unreal_Projects/Unreal Third Person/MyProject/Content/ThirdPersonBP/Blueprints/InsecurePlatform.uasset" SILENT=true
[2018.03.02-16.24.10:114][824]LogSavePackage: Save=14.28ms
[2018.03.02-16.24.10:114][824]LogSavePackage: Moving 'D:/Unreal_Projects/Unreal Third Person/MyProject/Saved/InsecurePlatformA790A9E44ACBA5903A54ED9AD9769A52.tmp' to 'D:/Unreal_Projects/Unreal Third Person/MyProject/Content/ThirdPersonBP/Blueprints/InsecurePlatform.uasset'
[2018.03.02-16.24.10:115][824]LogSavePackage: Display: Finished SavePackage D:/Unreal_Projects/Unreal Third Person/MyProject/Content/ThirdPersonBP/Blueprints/InsecurePlatform.uasset
[2018.03.02-16.24.45:674][949]LogSlate: Took 0.006893 seconds to synchronously load lazily loaded font '../../../Engine/Content/Editor/Slate/Fonts/Roboto-BoldCondensed.ttf' (158K)
[2018.03.02-16.25.49:773][104]BlueprintLog: New page: Compile InsecurePlatform
[2018.03.02-16.25.50:662][115]Cmd: OBJ SAVEPACKAGE PACKAGE="/Game/ThirdPersonBP/Blueprints/InsecurePlatform" FILE="D:/Unreal_Projects/Unreal Third Person/MyProject/Content/ThirdPersonBP/Blueprints/InsecurePlatform.uasset" SILENT=true
[2018.03.02-16.25.50:682][115]LogSavePackage: Save=18.25ms
[2018.03.02-16.25.50:682][115]LogSavePackage: Moving 'D:/Unreal_Projects/Unreal Third Person/MyProject/Saved/InsecurePlatform34C0310E446134F7420F9AA58FBC959B.tmp' to 'D:/Unreal_Projects/Unreal Third Person/MyProject/Content/ThirdPersonBP/Blueprints/InsecurePlatform.uasset'
[2018.03.02-16.25.50:682][115]LogSavePackage: Display: Finished SavePackage D:/Unreal_Projects/Unreal Third Person/MyProject/Content/ThirdPersonBP/Blueprints/InsecurePlatform.uasset
[2018.03.02-16.27.10:726][106]Cmd: OBJ SAVEPACKAGE PACKAGE="/Game/ThirdPersonBP/Blueprints/InsecurePlatform" FILE="D:/Unreal_Projects/Unreal Third Person/MyProject/Content/ThirdPersonBP/Blueprints/InsecurePlatform.uasset" SILENT=true
[2018.03.02-16.27.10:748][106]LogSavePackage: Save=20.30ms
[2018.03.02-16.27.10:748][106]LogSavePackage: Moving 'D:/Unreal_Projects/Unreal Third Person/MyProject/Saved/InsecurePlatform0DC1F3BE4DF9FFFF664E55AA1798F80A.tmp' to 'D:/Unreal_Projects/Unreal Third Person/MyProject/Content/ThirdPersonBP/Blueprints/InsecurePlatform.uasset'
[2018.03.02-16.27.10:748][106]LogSavePackage: Display: Finished SavePackage D:/Unreal_Projects/Unreal Third Person/MyProject/Content/ThirdPersonBP/Blueprints/InsecurePlatform.uasset
[2018.03.02-16.27.11:061][113]BlueprintLog: New page: Compile InsecurePlatform
[2018.03.02-16.27.12:115][125]Cmd: OBJ SAVEPACKAGE PACKAGE="/Game/ThirdPersonBP/Blueprints/InsecurePlatform" FILE="D:/Unreal_Projects/Unreal Third Person/MyProject/Content/ThirdPersonBP/Blueprints/InsecurePlatform.uasset" SILENT=true
[2018.03.02-16.27.12:135][125]LogSavePackage: Save=18.69ms
[2018.03.02-16.27.12:135][125]LogSavePackage: Moving 'D:/Unreal_Projects/Unreal Third Person/MyProject/Saved/InsecurePlatformE3735F6F44301CC9710FB4AD49EC7A50.tmp' to 'D:/Unreal_Projects/Unreal Third Person/MyProject/Content/ThirdPersonBP/Blueprints/InsecurePlatform.uasset'
[2018.03.02-16.27.12:136][125]LogSavePackage: Display: Finished SavePackage D:/Unreal_Projects/Unreal Third Person/MyProject/Content/ThirdPersonBP/Blueprints/InsecurePlatform.uasset
[2018.03.02-16.27.14:072][161]LogTemp: Repeating last play command: Selected Viewport
[2018.03.02-16.27.14:084][161]LogBlueprintUserMessages: Early PlayInEditor Detection: Level '/Game/ThirdPersonBP/Maps/ThirdPersonExampleMap.ThirdPersonExampleMap:PersistentLevel' has LevelScriptBlueprint '/Game/ThirdPersonBP/Maps/ThirdPersonExampleMap.ThirdPersonExampleMap:PersistentLevel.ThirdPersonExampleMap' with GeneratedClass '/Game/ThirdPersonBP/Maps/ThirdPersonExampleMap.ThirdPersonExampleMap_C' with ClassGeneratedBy '/Game/ThirdPersonBP/Maps/ThirdPersonExampleMap.ThirdPersonExampleMap:PersistentLevel.ThirdPersonExampleMap'
[2018.03.02-16.27.14:084][161]LogPlayLevel: PlayLevel: No blueprints needed recompiling
[2018.03.02-16.27.14:084][161]PIE: New page: PIE session: ThirdPersonExampleMap (Mar 2, 2018, 6:27:14 PM)
[2018.03.02-16.27.14:085][161]LogPlayLevel: Creating play world package: /Game/ThirdPersonBP/Maps/UEDPIE_0_ThirdPersonExampleMap
[2018.03.02-16.27.14:115][161]LogPlayLevel: PIE: StaticDuplicateObject took: (0.030682s)
[2018.03.02-16.27.14:116][161]LogAIModule: Creating AISystem for world ThirdPersonExampleMap
[2018.03.02-16.27.14:117][161]LogPlayLevel: PIE: World Init took: (0.001122s)
[2018.03.02-16.27.14:117][161]LogPlayLevel: PIE: Created PIE world by copying editor world from /Game/ThirdPersonBP/Maps/ThirdPersonExampleMap.ThirdPersonExampleMap to /Game/ThirdPersonBP/Maps/UEDPIE_0_ThirdPersonExampleMap.ThirdPersonExampleMap (0.032203s)
[2018.03.02-16.27.14:206][161]LogInit: XAudio2 using 'Altavoces (Realtek High Definition Audio)' : 2 channels at 48 kHz using 32 bits per sample (channel mask 0x3)
[2018.03.02-16.27.14:213][161]LogInit: FAudioDevice initialized.
[2018.03.02-16.27.14:246][161]LogLoad: Game class is 'ThirdPersonGameMode_C'
[2018.03.02-16.27.14:249][161]LogWorld: Bringing World /Game/ThirdPersonBP/Maps/UEDPIE_0_ThirdPersonExampleMap.ThirdPersonExampleMap up for play (max tick rate 0) at 2018.03.02-17.27.14
[2018.03.02-16.27.14:249][161]LogWorld: Bringing up level for play took: 0.002412
[2018.03.02-16.27.14:250][161]PIE: Play in editor start time for /Game/ThirdPersonBP/Maps/UEDPIE_0_ThirdPersonExampleMap 0.76
[2018.03.02-16.27.14:250][161]LogBlueprintUserMessages: Late PlayInEditor Detection: Level '/Game/ThirdPersonBP/Maps/ThirdPersonExampleMap.ThirdPersonExampleMap:PersistentLevel' has LevelScriptBlueprint '/Game/ThirdPersonBP/Maps/ThirdPersonExampleMap.ThirdPersonExampleMap:PersistentLevel.ThirdPersonExampleMap' with GeneratedClass '/Game/ThirdPersonBP/Maps/ThirdPersonExampleMap.ThirdPersonExampleMap_C' with ClassGeneratedBy '/Game/ThirdPersonBP/Maps/ThirdPersonExampleMap.ThirdPersonExampleMap:PersistentLevel.ThirdPersonExampleMap'
[2018.03.02-16.27.17:027][221]LogBlueprintUserMessages: Early EndPlayMap Detection: Level '/Game/ThirdPersonBP/Maps/ThirdPersonExampleMap.ThirdPersonExampleMap:PersistentLevel' has LevelScriptBlueprint '/Game/ThirdPersonBP/Maps/ThirdPersonExampleMap.ThirdPersonExampleMap:PersistentLevel.ThirdPersonExampleMap' with GeneratedClass '/Game/ThirdPersonBP/Maps/ThirdPersonExampleMap.ThirdPersonExampleMap_C' with ClassGeneratedBy '/Game/ThirdPersonBP/Maps/ThirdPersonExampleMap.ThirdPersonExampleMap:PersistentLevel.ThirdPersonExampleMap'
[2018.03.02-16.27.17:094][221]LogBlueprintUserMessages: Late EndPlayMap Detection: Level '/Game/ThirdPersonBP/Maps/ThirdPersonExampleMap.ThirdPersonExampleMap:PersistentLevel' has LevelScriptBlueprint '/Game/ThirdPersonBP/Maps/ThirdPersonExampleMap.ThirdPersonExampleMap:PersistentLevel.ThirdPersonExampleMap' with GeneratedClass '/Game/ThirdPersonBP/Maps/ThirdPersonExampleMap.ThirdPersonExampleMap_C' with ClassGeneratedBy '/Game/ThirdPersonBP/Maps/ThirdPersonExampleMap.ThirdPersonExampleMap:PersistentLevel.ThirdPersonExampleMap'
[2018.03.02-16.27.24:455][344]LogSavePackage: Save=66.27ms
[2018.03.02-16.27.24:455][344]LogSavePackage: Moving 'D:/Unreal_Projects/Unreal Third Person/MyProject/Saved/ThirdPersonExampleMapC9075D4440C59C93146529A654292CAD.tmp' to 'D:/Unreal_Projects/Unreal Third Person/MyProject/Content/ThirdPersonBP/Maps/ThirdPersonExampleMap.umap'
[2018.03.02-16.27.24:469][344]LogSavePackage: Display: Finished SavePackage D:/Unreal_Projects/Unreal Third Person/MyProject/Content/ThirdPersonBP/Maps/ThirdPersonExampleMap.umap
[2018.03.02-16.27.24:663][344]LogSavePackage: Save=160.47ms
[2018.03.02-16.27.24:663][344]LogSavePackage: Moving 'D:/Unreal_Projects/Unreal Third Person/MyProject/Saved/ThirdPersonExampleMap_BuiltDataBB5628BB422CCD1CFBF225A553FA6BB8.tmp' to 'D:/Unreal_Projects/Unreal Third Person/MyProject/Content/ThirdPersonBP/Maps/ThirdPersonExampleMap_BuiltData.uasset'
[2018.03.02-16.27.24:663][344]LogSavePackage: Display: Finished SavePackage D:/Unreal_Projects/Unreal Third Person/MyProject/Content/ThirdPersonBP/Maps/ThirdPersonExampleMap_BuiltData.uasset
[2018.03.02-16.27.25:053][354]LogTemp: Repeating last play command: Selected Viewport
[2018.03.02-16.27.25:074][354]LogBlueprintUserMessages: Early PlayInEditor Detection: Level '/Game/ThirdPersonBP/Maps/ThirdPersonExampleMap.ThirdPersonExampleMap:PersistentLevel' has LevelScriptBlueprint '/Game/ThirdPersonBP/Maps/ThirdPersonExampleMap.ThirdPersonExampleMap:PersistentLevel.ThirdPersonExampleMap' with GeneratedClass '/Game/ThirdPersonBP/Maps/ThirdPersonExampleMap.ThirdPersonExampleMap_C' with ClassGeneratedBy '/Game/ThirdPersonBP/Maps/ThirdPersonExampleMap.ThirdPersonExampleMap:PersistentLevel.ThirdPersonExampleMap'
[2018.03.02-16.27.25:074][354]LogPlayLevel: PlayLevel: No blueprints needed recompiling
[2018.03.02-16.27.25:074][354]PIE: New page: PIE session: ThirdPersonExampleMap (Mar 2, 2018, 6:27:25 PM)
[2018.03.02-16.27.25:074][354]LogPlayLevel: Creating play world package: /Game/ThirdPersonBP/Maps/UEDPIE_0_ThirdPersonExampleMap
[2018.03.02-16.27.25:097][354]LogPlayLevel: PIE: StaticDuplicateObject took: (0.022718s)
[2018.03.02-16.27.25:098][354]LogAIModule: Creating AISystem for world ThirdPersonExampleMap
[2018.03.02-16.27.25:098][354]LogPlayLevel: PIE: World Init took: (0.001051s)
[2018.03.02-16.27.25:098][354]LogPlayLevel: PIE: Created PIE world by copying editor world from /Game/ThirdPersonBP/Maps/ThirdPersonExampleMap.ThirdPersonExampleMap to /Game/ThirdPersonBP/Maps/UEDPIE_0_ThirdPersonExampleMap.ThirdPersonExampleMap (0.024046s)
[2018.03.02-16.27.25:209][354]LogInit: XAudio2 using 'Altavoces (Realtek High Definition Audio)' : 2 channels at 48 kHz using 32 bits per sample (channel mask 0x3)
[2018.03.02-16.27.25:217][354]LogInit: FAudioDevice initialized.
[2018.03.02-16.27.25:264][354]LogLoad: Game class is 'ThirdPersonGameMode_C'
[2018.03.02-16.27.25:267][354]LogWorld: Bringing World /Game/ThirdPersonBP/Maps/UEDPIE_0_ThirdPersonExampleMap.ThirdPersonExampleMap up for play (max tick rate 0) at 2018.03.02-17.27.25
[2018.03.02-16.27.25:267][354]LogWorld: Bringing up level for play took: 0.002337
[2018.03.02-16.27.25:268][354]PIE: Play in editor start time for /Game/ThirdPersonBP/Maps/UEDPIE_0_ThirdPersonExampleMap -0.227
[2018.03.02-16.27.25:268][354]LogBlueprintUserMessages: Late PlayInEditor Detection: Level '/Game/ThirdPersonBP/Maps/ThirdPersonExampleMap.ThirdPersonExampleMap:PersistentLevel' has LevelScriptBlueprint '/Game/ThirdPersonBP/Maps/ThirdPersonExampleMap.ThirdPersonExampleMap:PersistentLevel.ThirdPersonExampleMap' with GeneratedClass '/Game/ThirdPersonBP/Maps/ThirdPersonExampleMap.ThirdPersonExampleMap_C' with ClassGeneratedBy '/Game/ThirdPersonBP/Maps/ThirdPersonExampleMap.ThirdPersonExampleMap:PersistentLevel.ThirdPersonExampleMap'
[2018.03.02-16.27.27:407][400]LogBlueprintUserMessages: [InsecurePlatform_174] Hello
[2018.03.02-16.27.31:478][497]LogBlueprintUserMessages: [InsecurePlatform_174] Hello
[2018.03.02-16.27.32:241][515]LogBlueprintUserMessages: Early EndPlayMap Detection: Level '/Game/ThirdPersonBP/Maps/ThirdPersonExampleMap.ThirdPersonExampleMap:PersistentLevel' has LevelScriptBlueprint '/Game/ThirdPersonBP/Maps/ThirdPersonExampleMap.ThirdPersonExampleMap:PersistentLevel.ThirdPersonExampleMap' with GeneratedClass '/Game/ThirdPersonBP/Maps/ThirdPersonExampleMap.ThirdPersonExampleMap_C' with ClassGeneratedBy '/Game/ThirdPersonBP/Maps/ThirdPersonExampleMap.ThirdPersonExampleMap:PersistentLevel.ThirdPersonExampleMap'
[2018.03.02-16.27.32:322][515]LogBlueprintUserMessages: Late EndPlayMap Detection: Level '/Game/ThirdPersonBP/Maps/ThirdPersonExampleMap.ThirdPersonExampleMap:PersistentLevel' has LevelScriptBlueprint '/Game/ThirdPersonBP/Maps/ThirdPersonExampleMap.ThirdPersonExampleMap:PersistentLevel.ThirdPersonExampleMap' with GeneratedClass '/Game/ThirdPersonBP/Maps/ThirdPersonExampleMap.ThirdPersonExampleMap_C' with ClassGeneratedBy '/Game/ThirdPersonBP/Maps/ThirdPersonExampleMap.ThirdPersonExampleMap:PersistentLevel.ThirdPersonExampleMap'
[2018.03.02-16.27.33:800][539]LogEditorViewport: Clicking on Actor (LMB): InsecurePlatform_C (InsecurePlatform)
[2018.03.02-16.27.35:967][575]LogSavePackage: Save=56.05ms
[2018.03.02-16.27.35:967][575]LogSavePackage: Moving 'D:/Unreal_Projects/Unreal Third Person/MyProject/Saved/ThirdPersonExampleMap493CCFC8456D05A7C501B8A798E17BEA.tmp' to 'D:/Unreal_Projects/Unreal Third Person/MyProject/Content/ThirdPersonBP/Maps/ThirdPersonExampleMap.umap'
[2018.03.02-16.27.35:968][575]LogSavePackage: Display: Finished SavePackage D:/Unreal_Projects/Unreal Third Person/MyProject/Content/ThirdPersonBP/Maps/ThirdPersonExampleMap.umap
[2018.03.02-16.27.36:088][575]LogSavePackage: Save=108.81ms
[2018.03.02-16.27.36:088][575]LogSavePackage: Moving 'D:/Unreal_Projects/Unreal Third Person/MyProject/Saved/ThirdPersonExampleMap_BuiltDataCF36DAD547BF44D1430BC6BCE37008B7.tmp' to 'D:/Unreal_Projects/Unreal Third Person/MyProject/Content/ThirdPersonBP/Maps/ThirdPersonExampleMap_BuiltData.uasset'
[2018.03.02-16.27.36:089][575]LogSavePackage: Display: Finished SavePackage D:/Unreal_Projects/Unreal Third Person/MyProject/Content/ThirdPersonBP/Maps/ThirdPersonExampleMap_BuiltData.uasset
[2018.03.02-16.28.29:798][163]Cmd: OBJ SAVEPACKAGE PACKAGE="/Game/ThirdPersonBP/Blueprints/InsecurePlatform" FILE="D:/Unreal_Projects/Unreal Third Person/MyProject/Content/ThirdPersonBP/Blueprints/InsecurePlatform.uasset" SILENT=true
[2018.03.02-16.28.29:818][163]LogSavePackage: Save=18.67ms
[2018.03.02-16.28.29:818][163]LogSavePackage: Moving 'D:/Unreal_Projects/Unreal Third Person/MyProject/Saved/InsecurePlatformF313E81F419F74597E635B89C939DD33.tmp' to 'D:/Unreal_Projects/Unreal Third Person/MyProject/Content/ThirdPersonBP/Blueprints/InsecurePlatform.uasset'
[2018.03.02-16.28.29:818][163]LogSavePackage: Display: Finished SavePackage D:/Unreal_Projects/Unreal Third Person/MyProject/Content/ThirdPersonBP/Blueprints/InsecurePlatform.uasset
[2018.03.02-16.28.31:005][185]BlueprintLog: New page: Compile InsecurePlatform
[2018.03.02-16.28.32:054][196]Cmd: OBJ SAVEPACKAGE PACKAGE="/Game/ThirdPersonBP/Blueprints/InsecurePlatform" FILE="D:/Unreal_Projects/Unreal Third Person/MyProject/Content/ThirdPersonBP/Blueprints/InsecurePlatform.uasset" SILENT=true
[2018.03.02-16.28.32:074][196]LogSavePackage: Save=19.20ms
[2018.03.02-16.28.32:075][196]LogSavePackage: Moving 'D:/Unreal_Projects/Unreal Third Person/MyProject/Saved/InsecurePlatform745644EC471830657FA771853FD8E5F1.tmp' to 'D:/Unreal_Projects/Unreal Third Person/MyProject/Content/ThirdPersonBP/Blueprints/InsecurePlatform.uasset'
[2018.03.02-16.28.32:075][196]LogSavePackage: Display: Finished SavePackage D:/Unreal_Projects/Unreal Third Person/MyProject/Content/ThirdPersonBP/Blueprints/InsecurePlatform.uasset
[2018.03.02-16.29.02:465][726]BlueprintLog: New page: Compile InsecurePlatform
[2018.03.02-16.29.03:651][740]Cmd: OBJ SAVEPACKAGE PACKAGE="/Game/ThirdPersonBP/Blueprints/InsecurePlatform" FILE="D:/Unreal_Projects/Unreal Third Person/MyProject/Content/ThirdPersonBP/Blueprints/InsecurePlatform.uasset" SILENT=true
[2018.03.02-16.29.03:672][740]LogSavePackage: Save=19.25ms
[2018.03.02-16.29.03:672][740]LogSavePackage: Moving 'D:/Unreal_Projects/Unreal Third Person/MyProject/Saved/InsecurePlatform34D38A8B44C7624FBF4BB482C7D8D5F9.tmp' to 'D:/Unreal_Projects/Unreal Third Person/MyProject/Content/ThirdPersonBP/Blueprints/InsecurePlatform.uasset'
[2018.03.02-16.29.03:673][740]LogSavePackage: Display: Finished SavePackage D:/Unreal_Projects/Unreal Third Person/MyProject/Content/ThirdPersonBP/Blueprints/InsecurePlatform.uasset
[2018.03.02-16.29.13:723][916]LogTemp: Repeating last play command: Selected Viewport
[2018.03.02-16.29.13:735][916]LogBlueprintUserMessages: Early PlayInEditor Detection: Level '/Game/ThirdPersonBP/Maps/ThirdPersonExampleMap.ThirdPersonExampleMap:PersistentLevel' has LevelScriptBlueprint '/Game/ThirdPersonBP/Maps/ThirdPersonExampleMap.ThirdPersonExampleMap:PersistentLevel.ThirdPersonExampleMap' with GeneratedClass '/Game/ThirdPersonBP/Maps/ThirdPersonExampleMap.ThirdPersonExampleMap_C' with ClassGeneratedBy '/Game/ThirdPersonBP/Maps/ThirdPersonExampleMap.ThirdPersonExampleMap:PersistentLevel.ThirdPersonExampleMap'
[2018.03.02-16.29.13:735][916]LogPlayLevel: PlayLevel: No blueprints needed recompiling
[2018.03.02-16.29.13:735][916]PIE: New page: PIE session: ThirdPersonExampleMap (Mar 2, 2018, 6:29:13 PM)
[2018.03.02-16.29.13:735][916]LogPlayLevel: Creating play world package: /Game/ThirdPersonBP/Maps/UEDPIE_0_ThirdPersonExampleMap
[2018.03.02-16.29.13:761][916]LogPlayLevel: PIE: StaticDuplicateObject took: (0.026005s)
[2018.03.02-16.29.13:762][916]LogAIModule: Creating AISystem for world ThirdPersonExampleMap
[2018.03.02-16.29.13:762][916]LogPlayLevel: PIE: World Init took: (0.000882s)
[2018.03.02-16.29.13:762][916]LogPlayLevel: PIE: Created PIE world by copying editor world from /Game/ThirdPersonBP/Maps/ThirdPersonExampleMap.ThirdPersonExampleMap to /Game/ThirdPersonBP/Maps/UEDPIE_0_ThirdPersonExampleMap.ThirdPersonExampleMap (0.027222s)
[2018.03.02-16.29.13:882][916]LogInit: XAudio2 using 'Altavoces (Realtek High Definition Audio)' : 2 channels at 48 kHz using 32 bits per sample (channel mask 0x3)
[2018.03.02-16.29.13:887][916]LogInit: FAudioDevice initialized.
[2018.03.02-16.29.13:915][916]LogLoad: Game class is 'ThirdPersonGameMode_C'
[2018.03.02-16.29.13:918][916]LogWorld: Bringing World /Game/ThirdPersonBP/Maps/UEDPIE_0_ThirdPersonExampleMap.ThirdPersonExampleMap up for play (max tick rate 0) at 2018.03.02-17.29.13
[2018.03.02-16.29.13:918][916]LogWorld: Bringing up level for play took: 0.002674
[2018.03.02-16.29.13:919][916]PIE: Play in editor start time for /Game/ThirdPersonBP/Maps/UEDPIE_0_ThirdPersonExampleMap 0.385
[2018.03.02-16.29.13:920][916]LogBlueprintUserMessages: Late PlayInEditor Detection: Level '/Game/ThirdPersonBP/Maps/ThirdPersonExampleMap.ThirdPersonExampleMap:PersistentLevel' has LevelScriptBlueprint '/Game/ThirdPersonBP/Maps/ThirdPersonExampleMap.ThirdPersonExampleMap:PersistentLevel.ThirdPersonExampleMap' with GeneratedClass '/Game/ThirdPersonBP/Maps/ThirdPersonExampleMap.ThirdPersonExampleMap_C' with ClassGeneratedBy '/Game/ThirdPersonBP/Maps/ThirdPersonExampleMap.ThirdPersonExampleMap:PersistentLevel.ThirdPersonExampleMap'
[2018.03.02-16.29.21:004][ 83]LogBlueprintUserMessages: Early EndPlayMap Detection: Level '/Game/ThirdPersonBP/Maps/ThirdPersonExampleMap.ThirdPersonExampleMap:PersistentLevel' has LevelScriptBlueprint '/Game/ThirdPersonBP/Maps/ThirdPersonExampleMap.ThirdPersonExampleMap:PersistentLevel.ThirdPersonExampleMap' with GeneratedClass '/Game/ThirdPersonBP/Maps/ThirdPersonExampleMap.ThirdPersonExampleMap_C' with ClassGeneratedBy '/Game/ThirdPersonBP/Maps/ThirdPersonExampleMap.ThirdPersonExampleMap:PersistentLevel.ThirdPersonExampleMap'
[2018.03.02-16.29.21:081][ 83]LogBlueprintUserMessages: Late EndPlayMap Detection: Level '/Game/ThirdPersonBP/Maps/ThirdPersonExampleMap.ThirdPersonExampleMap:PersistentLevel' has LevelScriptBlueprint '/Game/ThirdPersonBP/Maps/ThirdPersonExampleMap.ThirdPersonExampleMap:PersistentLevel.ThirdPersonExampleMap' with GeneratedClass '/Game/ThirdPersonBP/Maps/ThirdPersonExampleMap.ThirdPersonExampleMap_C' with ClassGeneratedBy '/Game/ThirdPersonBP/Maps/ThirdPersonExampleMap.ThirdPersonExampleMap:PersistentLevel.ThirdPersonExampleMap'
[2018.03.02-16.29.43:280][432]BlueprintLog: New page: Compile InsecurePlatform
[2018.03.02-16.29.44:236][442]Cmd: OBJ SAVEPACKAGE PACKAGE="/Game/ThirdPersonBP/Blueprints/InsecurePlatform" FILE="D:/Unreal_Projects/Unreal Third Person/MyProject/Content/ThirdPersonBP/Blueprints/InsecurePlatform.uasset" SILENT=true
[2018.03.02-16.29.44:257][442]LogSavePackage: Save=19.33ms
[2018.03.02-16.29.44:257][442]LogSavePackage: Moving 'D:/Unreal_Projects/Unreal Third Person/MyProject/Saved/InsecurePlatform7A5F2F0046BCBFBAC147E6B63ABDC157.tmp' to 'D:/Unreal_Projects/Unreal Third Person/MyProject/Content/ThirdPersonBP/Blueprints/InsecurePlatform.uasset'
[2018.03.02-16.29.44:257][442]LogSavePackage: Display: Finished SavePackage D:/Unreal_Projects/Unreal Third Person/MyProject/Content/ThirdPersonBP/Blueprints/InsecurePlatform.uasset
[2018.03.02-16.30.15:897][884]LogContentBrowser: Native class hierarchy updated for 'MaterialEditor' in 0.0007 seconds. Added 1 classes and 0 folders.
[2018.03.02-16.30.15:899][884]LogMaterial: Missing cached shader map for material Vanish, compiling. 
[2018.03.02-16.30.15:974][884]LogMaterial: Missing cached shader map for material Vanish, compiling. 
[2018.03.02-16.30.17:397][902]MaterialEditorStats: Base pass shader: 78 instructions
[2018.03.02-16.30.17:397][902]MaterialEditorStats: Vertex shader: 29 instructions
[2018.03.02-16.30.17:397][902]MaterialEditorStats: Texture samplers: 1/16
[2018.03.02-16.30.39:358][ 66]LogMaterialEditor: Saving and Compiling material Vanish
[2018.03.02-16.30.39:546][ 66]Cmd: OBJ SAVEPACKAGE PACKAGE="/Game/ThirdPersonBP/Blueprints/Vanish" FILE="D:/Unreal_Projects/Unreal Third Person/MyProject/Content/ThirdPersonBP/Blueprints/Vanish.uasset" SILENT=true
[2018.03.02-16.30.39:557][ 66]LogSavePackage: Save=10.14ms
[2018.03.02-16.30.39:557][ 66]LogSavePackage: Moving 'D:/Unreal_Projects/Unreal Third Person/MyProject/Saved/Vanish057EE303427E821F2525D781A1DE4E7C.tmp' to 'D:/Unreal_Projects/Unreal Third Person/MyProject/Content/ThirdPersonBP/Blueprints/Vanish.uasset'
[2018.03.02-16.30.39:558][ 66]LogSavePackage: Display: Finished SavePackage D:/Unreal_Projects/Unreal Third Person/MyProject/Content/ThirdPersonBP/Blueprints/Vanish.uasset
[2018.03.02-16.31.36:142][969]Cmd: OBJ SAVEPACKAGE PACKAGE="/Game/ThirdPersonBP/Blueprints/InsecurePlatform" FILE="D:/Unreal_Projects/Unreal Third Person/MyProject/Content/ThirdPersonBP/Blueprints/InsecurePlatform.uasset" SILENT=true
[2018.03.02-16.31.36:182][969]LogSavePackage: Save=22.15ms
[2018.03.02-16.31.36:182][969]LogSavePackage: Moving 'D:/Unreal_Projects/Unreal Third Person/MyProject/Saved/InsecurePlatform6AC402CF482C5452939B928E976395AE.tmp' to 'D:/Unreal_Projects/Unreal Third Person/MyProject/Content/ThirdPersonBP/Blueprints/InsecurePlatform.uasset'
[2018.03.02-16.31.36:182][969]LogSavePackage: Display: Finished SavePackage D:/Unreal_Projects/Unreal Third Person/MyProject/Content/ThirdPersonBP/Blueprints/InsecurePlatform.uasset
[2018.03.02-16.31.36:644][979]BlueprintLog: New page: Compile InsecurePlatform
[2018.03.02-16.31.37:606][988]Cmd: OBJ SAVEPACKAGE PACKAGE="/Game/ThirdPersonBP/Blueprints/InsecurePlatform" FILE="D:/Unreal_Projects/Unreal Third Person/MyProject/Content/ThirdPersonBP/Blueprints/InsecurePlatform.uasset" SILENT=true
[2018.03.02-16.31.37:627][988]LogSavePackage: Save=20.90ms
[2018.03.02-16.31.37:627][988]LogSavePackage: Moving 'D:/Unreal_Projects/Unreal Third Person/MyProject/Saved/InsecurePlatform1BDCDAE54CB05C3821409589CFDED503.tmp' to 'D:/Unreal_Projects/Unreal Third Person/MyProject/Content/ThirdPersonBP/Blueprints/InsecurePlatform.uasset'
[2018.03.02-16.31.37:628][988]LogSavePackage: Display: Finished SavePackage D:/Unreal_Projects/Unreal Third Person/MyProject/Content/ThirdPersonBP/Blueprints/InsecurePlatform.uasset
[2018.03.02-16.31.51:039][173]LogMaterial: Missing cached shader map for material Vanish, compiling. 
[2018.03.02-16.31.51:055][173]LogMaterial: Missing cached shader map for material Vanish, compiling. 
[2018.03.02-16.31.52:535][194]MaterialEditorStats: Base pass shader: 78 instructions
[2018.03.02-16.31.52:535][194]MaterialEditorStats: Vertex shader: 29 instructions
[2018.03.02-16.31.52:535][194]MaterialEditorStats: Texture samplers: 1/16
[2018.03.02-16.32.00:676][304]LogMaterialEditor: Saving and Compiling material Vanish
[2018.03.02-16.32.01:151][304]LogMaterial: Missing cached shader map for material Vanish, compiling. 
[2018.03.02-16.32.01:211][304]LogMaterial: Missing cached shader map for material Vanish, compiling. 
[2018.03.02-16.32.01:234][304]LogMaterial: Missing cached shader map for material Vanish, compiling. 
[2018.03.02-16.32.01:294][304]LogMaterial: Missing cached shader map for material FDebugViewModeMaterialProxy Vanish, compiling. 
[2018.03.02-16.32.01:774][304]TextureStreamingBuild: Display: Compiling optional shaders took 0.492 seconds.
[2018.03.02-16.32.03:598][304]Cmd: OBJ SAVEPACKAGE PACKAGE="/Game/ThirdPersonBP/Blueprints/Vanish" FILE="D:/Unreal_Projects/Unreal Third Person/MyProject/Content/ThirdPersonBP/Blueprints/Vanish.uasset" SILENT=true
[2018.03.02-16.32.03:633][304]LogSavePackage: Save=10.01ms
[2018.03.02-16.32.03:633][304]LogSavePackage: Moving 'D:/Unreal_Projects/Unreal Third Person/MyProject/Saved/VanishAA89E1334E3F6F7ABC9DD9BA70DD3B22.tmp' to 'D:/Unreal_Projects/Unreal Third Person/MyProject/Content/ThirdPersonBP/Blueprints/Vanish.uasset'
[2018.03.02-16.32.03:634][304]LogSavePackage: Display: Finished SavePackage D:/Unreal_Projects/Unreal Third Person/MyProject/Content/ThirdPersonBP/Blueprints/Vanish.uasset
[2018.03.02-16.32.03:666][304]MaterialEditorStats: Base pass shader: 78 instructions
[2018.03.02-16.32.03:666][304]MaterialEditorStats: Vertex shader: 29 instructions
[2018.03.02-16.32.03:666][304]MaterialEditorStats: Texture samplers: 2/16
[2018.03.02-16.32.21:871][546]LogMaterial: Missing cached shader map for material Vanish, compiling. 
[2018.03.02-16.32.21:896][546]LogMaterial: Missing cached shader map for material Vanish, compiling. 
[2018.03.02-16.32.21:897][546]LogMaterial: Warning: Failed to compile Material /Engine/Transient.Vanish for platform PCD3D_SM5, Default Material will be used in game.
[2018.03.02-16.32.21:897][546]LogMaterial: Warning: 	Function SoftOpacity: Missing function input 'OpacityIn'
[2018.03.02-16.32.21:897][546]LogMaterial: Warning: 	Only transparent or postprocess materials can read from scene depth.
[2018.03.02-16.32.21:903][546]MaterialEditorStats: Error: [SM5] Function SoftOpacity: Missing function input 'OpacityIn'
[2018.03.02-16.32.21:903][546]MaterialEditorStats: Error: [SM5] Only transparent or postprocess materials can read from scene depth.
[2018.03.02-16.32.21:988][547]LogMaterial: Missing cached shader map for material Material_0, compiling. 
[2018.03.02-16.32.30:252][654]LogMaterial: Missing cached shader map for material Vanish, compiling. 
[2018.03.02-16.32.31:337][669]MaterialEditorStats: Base pass shader: 78 instructions
[2018.03.02-16.32.31:337][669]MaterialEditorStats: Vertex shader: 29 instructions
[2018.03.02-16.32.31:337][669]MaterialEditorStats: Texture samplers: 1/16
[2018.03.02-16.32.31:486][670]LogMaterial: Missing cached shader map for material Vanish, compiling. 
[2018.03.02-16.32.32:542][685]MaterialEditorStats: Base pass shader: 78 instructions
[2018.03.02-16.32.32:542][685]MaterialEditorStats: Vertex shader: 29 instructions
[2018.03.02-16.32.32:542][685]MaterialEditorStats: Texture samplers: 1/16
[2018.03.02-16.32.37:483][750]LogMaterial: Missing cached shader map for material TutorialMaterial, compiling. 
[2018.03.02-16.32.37:571][750]LogSlate: Warning: Slate: Had to block on waiting for a draw buffer
[2018.03.02-16.32.37:620][750]LogMaterial: Missing cached shader map for material TutorialMaterial, compiling. 
[2018.03.02-16.32.38:578][758]MaterialEditorStats: Base pass shader: 78 instructions
[2018.03.02-16.32.38:578][758]MaterialEditorStats: Vertex shader: 29 instructions
[2018.03.02-16.32.38:578][758]MaterialEditorStats: Texture samplers: 1/16
[2018.03.02-16.33.31:538][369]LogMaterial: Missing cached shader map for material TutorialMaterial, compiling. 
[2018.03.02-16.33.31:552][369]LogMaterial: Missing cached shader map for material TutorialMaterial, compiling. 
[2018.03.02-16.33.32:852][388]MaterialEditorStats: Base pass shader: 78 instructions
[2018.03.02-16.33.32:852][388]MaterialEditorStats: Vertex shader: 29 instructions
[2018.03.02-16.33.32:852][388]MaterialEditorStats: Texture samplers: 1/16
[2018.03.02-16.33.33:818][401]LogMaterialEditor: Saving and Compiling material TutorialMaterial
[2018.03.02-16.33.34:286][401]LogMaterial: Missing cached shader map for material TutorialMaterial, compiling. 
[2018.03.02-16.33.34:344][401]LogMaterial: Missing cached shader map for material TutorialMaterial, compiling. 
[2018.03.02-16.33.34:369][401]LogMaterial: Missing cached shader map for material TutorialMaterial, compiling. 
[2018.03.02-16.33.34:413][401]LogMaterial: Missing cached shader map for material FDebugViewModeMaterialProxy TutorialMaterial, compiling. 
[2018.03.02-16.33.34:920][401]TextureStreamingBuild: Display: Compiling optional shaders took 0.512 seconds.
[2018.03.02-16.33.36:547][401]Cmd: OBJ SAVEPACKAGE PACKAGE="/Engine/Tutorial/SubEditors/TutorialAssets/TutorialMaterial" FILE="../../../Engine/Content/Tutorial/SubEditors/TutorialAssets/TutorialMaterial.uasset" SILENT=true
[2018.03.02-16.33.36:575][401]LogSavePackage: Save=10.09ms
[2018.03.02-16.33.36:575][401]LogSavePackage: Moving 'D:/Unreal_Projects/Unreal Third Person/MyProject/Saved/TutorialMaterialFED1B7CF40F26635D0B9A59F93CAEBC1.tmp' to '../../../Engine/Content/Tutorial/SubEditors/TutorialAssets/TutorialMaterial.uasset'
[2018.03.02-16.33.36:576][401]LogSavePackage: Display: Finished SavePackage ../../../Engine/Content/Tutorial/SubEditors/TutorialAssets/TutorialMaterial.uasset
[2018.03.02-16.33.36:608][401]MaterialEditorStats: Base pass shader: 78 instructions
[2018.03.02-16.33.36:608][401]MaterialEditorStats: Vertex shader: 29 instructions
[2018.03.02-16.33.36:608][401]MaterialEditorStats: Texture samplers: 2/16
[2018.03.02-16.33.46:329][531]LogMaterial: Missing cached shader map for material TutorialMaterial, compiling. 
[2018.03.02-16.33.47:386][546]LogMaterialEditor: Saving and Compiling material TutorialMaterial
[2018.03.02-16.33.47:857][546]LogMaterial: Missing cached shader map for material TutorialMaterial, compiling. 
[2018.03.02-16.33.47:918][546]LogMaterial: Missing cached shader map for material TutorialMaterial, compiling. 
[2018.03.02-16.33.47:942][546]LogMaterial: Missing cached shader map for material TutorialMaterial, compiling. 
[2018.03.02-16.33.47:984][546]LogMaterial: Missing cached shader map for material FDebugViewModeMaterialProxy TutorialMaterial, compiling. 
[2018.03.02-16.33.48:503][546]TextureStreamingBuild: Display: Compiling optional shaders took 0.526 seconds.
[2018.03.02-16.33.50:208][546]Cmd: OBJ SAVEPACKAGE PACKAGE="/Engine/Tutorial/SubEditors/TutorialAssets/TutorialMaterial" FILE="../../../Engine/Content/Tutorial/SubEditors/TutorialAssets/TutorialMaterial.uasset" SILENT=true
[2018.03.02-16.33.50:240][546]LogSavePackage: Save=8.92ms
[2018.03.02-16.33.50:240][546]LogSavePackage: Moving 'D:/Unreal_Projects/Unreal Third Person/MyProject/Saved/TutorialMaterial7B0D6C5C409279A62330FB9764EC8357.tmp' to '../../../Engine/Content/Tutorial/SubEditors/TutorialAssets/TutorialMaterial.uasset'
[2018.03.02-16.33.50:241][546]LogSavePackage: Display: Finished SavePackage ../../../Engine/Content/Tutorial/SubEditors/TutorialAssets/TutorialMaterial.uasset
[2018.03.02-16.33.50:262][546]MaterialEditorStats: Base pass shader: 78 instructions
[2018.03.02-16.33.50:262][546]MaterialEditorStats: Vertex shader: 29 instructions
[2018.03.02-16.33.50:262][546]MaterialEditorStats: Texture samplers: 2/16
[2018.03.02-16.33.54:986][608]LogMaterial: Missing cached shader map for material Vanish, compiling. 
[2018.03.02-16.33.54:999][608]LogMaterial: Missing cached shader map for material Vanish, compiling. 
[2018.03.02-16.33.56:157][625]MaterialEditorStats: Base pass shader: 78 instructions
[2018.03.02-16.33.56:157][625]MaterialEditorStats: Vertex shader: 29 instructions
[2018.03.02-16.33.56:157][625]MaterialEditorStats: Texture samplers: 1/16
[2018.03.02-16.33.56:898][635]LogMaterialEditor: Saving and Compiling material Vanish
[2018.03.02-16.33.57:372][635]LogMaterial: Missing cached shader map for material Vanish, compiling. 
[2018.03.02-16.33.57:529][635]LogMaterial: Missing cached shader map for material Vanish, compiling. 
[2018.03.02-16.33.57:561][635]LogMaterial: Missing cached shader map for material Vanish, compiling. 
[2018.03.02-16.33.57:612][635]LogMaterial: Missing cached shader map for material FDebugViewModeMaterialProxy Vanish, compiling. 
[2018.03.02-16.33.58:100][635]TextureStreamingBuild: Display: Compiling optional shaders took 0.495 seconds.
[2018.03.02-16.33.59:715][635]Cmd: OBJ SAVEPACKAGE PACKAGE="/Game/ThirdPersonBP/Blueprints/Vanish" FILE="D:/Unreal_Projects/Unreal Third Person/MyProject/Content/ThirdPersonBP/Blueprints/Vanish.uasset" SILENT=true
[2018.03.02-16.33.59:725][635]LogSavePackage: Save=9.19ms
[2018.03.02-16.33.59:725][635]LogSavePackage: Moving 'D:/Unreal_Projects/Unreal Third Person/MyProject/Saved/VanishD9D2FDC34A7BB91777D333AAC0595751.tmp' to 'D:/Unreal_Projects/Unreal Third Person/MyProject/Content/ThirdPersonBP/Blueprints/Vanish.uasset'
[2018.03.02-16.33.59:725][635]LogSavePackage: Display: Finished SavePackage D:/Unreal_Projects/Unreal Third Person/MyProject/Content/ThirdPersonBP/Blueprints/Vanish.uasset
[2018.03.02-16.33.59:783][635]MaterialEditorStats: Base pass shader: 78 instructions
[2018.03.02-16.33.59:783][635]MaterialEditorStats: Vertex shader: 29 instructions
[2018.03.02-16.33.59:783][635]MaterialEditorStats: Texture samplers: 2/16
[2018.03.02-16.34.35:067][194]Cmd: OBJ SAVEPACKAGE PACKAGE="/Game/ThirdPersonBP/Blueprints/InsecurePlatform" FILE="D:/Unreal_Projects/Unreal Third Person/MyProject/Content/ThirdPersonBP/Blueprints/InsecurePlatform.uasset" SILENT=true
[2018.03.02-16.34.35:090][194]LogSavePackage: Save=21.34ms
[2018.03.02-16.34.35:090][194]LogSavePackage: Moving 'D:/Unreal_Projects/Unreal Third Person/MyProject/Saved/InsecurePlatformF4E561804E8E694AD67794B6C4800CBE.tmp' to 'D:/Unreal_Projects/Unreal Third Person/MyProject/Content/ThirdPersonBP/Blueprints/InsecurePlatform.uasset'
[2018.03.02-16.34.35:090][194]LogSavePackage: Display: Finished SavePackage D:/Unreal_Projects/Unreal Third Person/MyProject/Content/ThirdPersonBP/Blueprints/InsecurePlatform.uasset
[2018.03.02-16.34.35:557][203]BlueprintLog: New page: Compile InsecurePlatform
[2018.03.02-16.34.39:351][259]Cmd: OBJ SAVEPACKAGE PACKAGE="/Game/ThirdPersonBP/Blueprints/InsecurePlatform" FILE="D:/Unreal_Projects/Unreal Third Person/MyProject/Content/ThirdPersonBP/Blueprints/InsecurePlatform.uasset" SILENT=true
[2018.03.02-16.34.39:373][259]LogSavePackage: Save=20.67ms
[2018.03.02-16.34.39:373][259]LogSavePackage: Moving 'D:/Unreal_Projects/Unreal Third Person/MyProject/Saved/InsecurePlatformB8C95B2D4F5BCF30D236C792D963BE43.tmp' to 'D:/Unreal_Projects/Unreal Third Person/MyProject/Content/ThirdPersonBP/Blueprints/InsecurePlatform.uasset'
[2018.03.02-16.34.39:373][259]LogSavePackage: Display: Finished SavePackage D:/Unreal_Projects/Unreal Third Person/MyProject/Content/ThirdPersonBP/Blueprints/InsecurePlatform.uasset
[2018.03.02-16.34.49:054][390]LogWindows: LaunchURL http://docs.unrealengine.com/latest/INT/Engine/Rendering/Materials/ExpressionReference/Parameters/index.html?utm_source=editor&utm_medium=docs&utm_campaign=rightclick_matnode#scalarparameter
[2018.03.02-16.35.01:805][556]LogMaterialEditor: Saving and Compiling material Vanish
[2018.03.02-16.35.02:274][556]LogMaterial: Missing cached shader map for material Vanish, compiling. 
[2018.03.02-16.35.02:349][556]LogMaterial: Missing cached shader map for material Vanish, compiling. 
[2018.03.02-16.35.02:370][556]LogMaterial: Missing cached shader map for material Vanish, compiling. 
[2018.03.02-16.35.02:407][556]LogMaterial: Missing cached shader map for material FDebugViewModeMaterialProxy Vanish, compiling. 
[2018.03.02-16.35.03:053][556]TextureStreamingBuild: Display: Compiling optional shaders took 0.652 seconds.
[2018.03.02-16.35.04:574][556]Cmd: OBJ SAVEPACKAGE PACKAGE="/Game/ThirdPersonBP/Blueprints/Vanish" FILE="D:/Unreal_Projects/Unreal Third Person/MyProject/Content/ThirdPersonBP/Blueprints/Vanish.uasset" SILENT=true
[2018.03.02-16.35.04:605][556]LogSavePackage: Save=9.44ms
[2018.03.02-16.35.04:606][556]LogSavePackage: Moving 'D:/Unreal_Projects/Unreal Third Person/MyProject/Saved/Vanish1C884A2F459AA9008F8853B57E4E3CA5.tmp' to 'D:/Unreal_Projects/Unreal Third Person/MyProject/Content/ThirdPersonBP/Blueprints/Vanish.uasset'
[2018.03.02-16.35.04:606][556]LogSavePackage: Display: Finished SavePackage D:/Unreal_Projects/Unreal Third Person/MyProject/Content/ThirdPersonBP/Blueprints/Vanish.uasset
[2018.03.02-16.35.06:275][581]LogTemp: Repeating last play command: Selected Viewport
[2018.03.02-16.35.06:331][581]LogBlueprintUserMessages: Early PlayInEditor Detection: Level '/Game/ThirdPersonBP/Maps/ThirdPersonExampleMap.ThirdPersonExampleMap:PersistentLevel' has LevelScriptBlueprint '/Game/ThirdPersonBP/Maps/ThirdPersonExampleMap.ThirdPersonExampleMap:PersistentLevel.ThirdPersonExampleMap' with GeneratedClass '/Game/ThirdPersonBP/Maps/ThirdPersonExampleMap.ThirdPersonExampleMap_C' with ClassGeneratedBy '/Game/ThirdPersonBP/Maps/ThirdPersonExampleMap.ThirdPersonExampleMap:PersistentLevel.ThirdPersonExampleMap'
[2018.03.02-16.35.06:332][581]LogPlayLevel: PlayLevel: No blueprints needed recompiling
[2018.03.02-16.35.06:332][581]PIE: New page: PIE session: ThirdPersonExampleMap (Mar 2, 2018, 6:35:06 PM)
[2018.03.02-16.35.06:332][581]LogPlayLevel: Creating play world package: /Game/ThirdPersonBP/Maps/UEDPIE_0_ThirdPersonExampleMap
[2018.03.02-16.35.06:389][581]LogPlayLevel: PIE: StaticDuplicateObject took: (0.056623s)
[2018.03.02-16.35.06:403][581]LogAIModule: Creating AISystem for world ThirdPersonExampleMap
[2018.03.02-16.35.06:404][581]LogPlayLevel: PIE: World Init took: (0.014993s)
[2018.03.02-16.35.06:404][581]LogPlayLevel: PIE: Created PIE world by copying editor world from /Game/ThirdPersonBP/Maps/ThirdPersonExampleMap.ThirdPersonExampleMap to /Game/ThirdPersonBP/Maps/UEDPIE_0_ThirdPersonExampleMap.ThirdPersonExampleMap (0.071914s)
[2018.03.02-16.35.06:434][581]LogInit: XAudio2 using 'Altavoces (Realtek High Definition Audio)' : 2 channels at 48 kHz using 32 bits per sample (channel mask 0x3)
[2018.03.02-16.35.06:439][581]LogInit: FAudioDevice initialized.
[2018.03.02-16.35.06:465][581]LogLoad: Game class is 'ThirdPersonGameMode_C'
[2018.03.02-16.35.06:468][581]LogWorld: Bringing World /Game/ThirdPersonBP/Maps/UEDPIE_0_ThirdPersonExampleMap.ThirdPersonExampleMap up for play (max tick rate 0) at 2018.03.02-17.35.06
[2018.03.02-16.35.06:468][581]LogWorld: Bringing up level for play took: 0.002173
[2018.03.02-16.35.06:469][581]PIE: Play in editor start time for /Game/ThirdPersonBP/Maps/UEDPIE_0_ThirdPersonExampleMap 0.875
[2018.03.02-16.35.06:470][581]LogBlueprintUserMessages: Late PlayInEditor Detection: Level '/Game/ThirdPersonBP/Maps/ThirdPersonExampleMap.ThirdPersonExampleMap:PersistentLevel' has LevelScriptBlueprint '/Game/ThirdPersonBP/Maps/ThirdPersonExampleMap.ThirdPersonExampleMap:PersistentLevel.ThirdPersonExampleMap' with GeneratedClass '/Game/ThirdPersonBP/Maps/ThirdPersonExampleMap.ThirdPersonExampleMap_C' with ClassGeneratedBy '/Game/ThirdPersonBP/Maps/ThirdPersonExampleMap.ThirdPersonExampleMap:PersistentLevel.ThirdPersonExampleMap'
[2018.03.02-16.35.12:031][712]LogBlueprintUserMessages: Early EndPlayMap Detection: Level '/Game/ThirdPersonBP/Maps/ThirdPersonExampleMap.ThirdPersonExampleMap:PersistentLevel' has LevelScriptBlueprint '/Game/ThirdPersonBP/Maps/ThirdPersonExampleMap.ThirdPersonExampleMap:PersistentLevel.ThirdPersonExampleMap' with GeneratedClass '/Game/ThirdPersonBP/Maps/ThirdPersonExampleMap.ThirdPersonExampleMap_C' with ClassGeneratedBy '/Game/ThirdPersonBP/Maps/ThirdPersonExampleMap.ThirdPersonExampleMap:PersistentLevel.ThirdPersonExampleMap'
[2018.03.02-16.35.12:104][712]LogBlueprintUserMessages: Late EndPlayMap Detection: Level '/Game/ThirdPersonBP/Maps/ThirdPersonExampleMap.ThirdPersonExampleMap:PersistentLevel' has LevelScriptBlueprint '/Game/ThirdPersonBP/Maps/ThirdPersonExampleMap.ThirdPersonExampleMap:PersistentLevel.ThirdPersonExampleMap' with GeneratedClass '/Game/ThirdPersonBP/Maps/ThirdPersonExampleMap.ThirdPersonExampleMap_C' with ClassGeneratedBy '/Game/ThirdPersonBP/Maps/ThirdPersonExampleMap.ThirdPersonExampleMap:PersistentLevel.ThirdPersonExampleMap'
